TN:
SF:src/HDCLVault.sol
DA:332,341
FN:332,HDCLVault.constructor
FNDA:341,HDCLVault.constructor
DA:333,341
DA:342,343
FN:342,HDCLVault.initialize
FNDA:343,HDCLVault.initialize
DA:349,342
BRDA:349,0,0,1
BRDA:349,0,1,341
DA:350,341
BRDA:350,1,0,1
BRDA:350,1,1,340
DA:351,340
BRDA:351,2,0,1
BRDA:351,2,1,339
DA:352,339
BRDA:352,3,0,1
BRDA:352,3,1,338
DA:354,338
DA:355,338
DA:356,338
DA:357,338
DA:358,338
DA:360,338
DA:361,338
DA:362,338
DA:363,338
DA:364,338
DA:365,338
DA:366,338
DA:368,338
DA:369,338
DA:370,338
DA:381,29596
FN:381,HDCLVault.totalAssets
FNDA:29596,HDCLVault.totalAssets
DA:382,119675
DA:383,119675
BRDA:383,4,0,112874
DA:384,112874
DA:385,112874
BRDA:385,5,0,83580
DA:386,83580
DA:391,119675
DA:392,119675
DA:393,119675
DA:394,119675
DA:395,119675
DA:401,47910
FN:401,HDCLVault.exchangeRate
FNDA:47910,HDCLVault.exchangeRate
DA:402,64084
DA:403,64084
BRDA:403,6,0,23
DA:404,64061
DA:416,13381
FN:416,HDCLVault.deposit
FNDA:13381,HDCLVault.deposit
DA:420,13379
BRDA:420,7,0,1
BRDA:420,7,1,13378
DA:421,13378
DA:422,13371
DA:430,7
FN:430,HDCLVault.mint
FNDA:7,HDCLVault.mint
DA:434,7
BRDA:434,8,0,1
BRDA:434,8,1,6
DA:435,6
BRDA:435,9,0,1
BRDA:435,9,1,5
DA:436,5
DA:439,5
DA:440,3
DA:444,13374
FN:444,HDCLVault._deposit
FNDA:13374,HDCLVault._deposit
DA:450,13374
BRDA:450,10,0,761
DA:451,13374
DA:452,13374
DA:453,13374
DA:454,13373
DA:455,13373
DA:461,13374
FN:461,HDCLVault._depositIntoDecentral
FNDA:13374,HDCLVault._depositIntoDecentral
DA:462,13374
DA:463,13374
DA:464,13374
DA:465,13374
DA:466,13374
DA:468,13373
DA:469,13373
DA:481,13373
DA:483,13373
DA:494,9511
FN:494,HDCLVault.requestRedeem
FNDA:9511,HDCLVault.requestRedeem
DA:499,9509
BRDA:499,11,0,2
DA:500,9507
BRDA:500,12,0,-
BRDA:500,12,1,9507
DA:501,9507
BRDA:501,13,0,-
BRDA:501,13,1,9507
DA:502,9507
BRDA:502,14,0,1
BRDA:502,14,1,9506
DA:509,9506
DA:511,9505
DA:512,9505
DA:518,9505
DA:519,9505
DA:521,9505
DA:522,9505
DA:534,12634
FN:534,HDCLVault.setOperator
FNDA:12634,HDCLVault.setOperator
DA:535,12634
BRDA:535,15,0,1
BRDA:535,15,1,12633
DA:536,12633
DA:537,12633
DA:546,16057
FN:546,HDCLVault.setAutoClaim
FNDA:16057,HDCLVault.setAutoClaim
DA:547,16057
DA:548,16057
DA:557,6312
FN:557,HDCLVault.cancelRedeem
FNDA:6312,HDCLVault.cancelRedeem
DA:558,6312
BRDA:558,16,0,1
DA:559,6311
DA:560,6311
DA:561,6311
BRDA:561,17,0,2
DA:562,6309
DA:563,2
BRDA:563,18,0,2
DA:565,6307
DA:566,6307
BRDA:566,19,0,6306
DA:567,6306
DA:568,6306
DA:571,6306
DA:572,6306
DA:577,6307
BRDA:577,20,0,6261
DA:582,6261
BRDA:582,21,0,3896
DA:583,3896
DA:584,3896
DA:585,3896
DA:587,8215
DA:588,4946
DA:589,4943
DA:592,4319
DA:593,4319
DA:596,3896
DA:622,48
FN:622,HDCLVault.redeem
FNDA:48,HDCLVault.redeem
DA:627,48
BRDA:627,22,0,-
BRDA:627,22,1,48
DA:628,48
BRDA:628,23,0,-
BRDA:628,23,1,48
DA:629,48
DA:631,42
DA:633,41
DA:634,41
DA:635,41
DA:636,41
DA:638,41
DA:643,2
FN:643,HDCLVault.withdraw
FNDA:2,HDCLVault.withdraw
DA:648,2
BRDA:648,24,0,-
BRDA:648,24,1,2
DA:649,2
BRDA:649,25,0,-
BRDA:649,25,1,2
DA:650,2
DA:652,2
DA:654,2
DA:655,2
DA:656,2
DA:657,2
DA:659,2
DA:664,50
FN:664,HDCLVault._authorizeClaim
FNDA:50,HDCLVault._authorizeClaim
DA:665,50
BRDA:665,26,0,50
DA:666,10
BRDA:666,27,0,10
DA:670,8
BRDA:670,28,0,6
BRDA:670,28,1,2
DA:683,42
FN:683,HDCLVault._claimByShares
FNDA:42,HDCLVault._claimByShares
DA:687,42
DA:689,42
DA:690,152
DA:691,152
BRDA:691,29,0,109
DA:693,43
DA:695,43
DA:697,43
DA:698,43
DA:699,43
DA:701,43
DA:702,43
DA:705,43
BRDA:705,30,0,36
DA:710,42
BRDA:710,31,0,1
BRDA:710,31,1,41
DA:716,2
FN:716,HDCLVault._claimByAssets
FNDA:2,HDCLVault._claimByAssets
DA:720,2
DA:722,2
DA:723,2
DA:724,2
BRDA:724,32,0,-
DA:726,2
DA:728,2
DA:730,2
DA:731,2
DA:732,2
DA:734,2
DA:735,2
DA:736,2
DA:738,2
BRDA:738,33,0,2
DA:743,2
BRDA:743,34,0,-
BRDA:743,34,1,2
DA:753,17498
FN:753,HDCLVault.pokeDecentral
FNDA:17498,HDCLVault.pokeDecentral
DA:756,17497
DA:757,17497
BRDA:757,35,0,2
DA:759,17495
DA:763,17495
DA:764,4119
BRDA:764,36,0,4119
DA:769,4119
BRDA:769,37,0,4119
DA:777,4118
DA:781,4118
DA:782,4118
DA:783,4118
DA:789,4118
DA:790,4118
DA:795,1
BRDA:795,37,1,1
DA:798,1
DA:803,17494
BRDA:803,38,0,6507
DA:804,6507
DA:805,6507
BRDA:805,39,0,6507
DA:806,1063
DA:814,1063
DA:815,1063
DA:816,1063
DA:818,1063
DA:819,1063
DA:824,5444
BRDA:824,39,1,5444
DA:826,5444
DA:831,12050
BRDA:831,40,0,1064
DA:832,1064
BRDA:832,41,0,1064
DA:833,1063
DA:834,1063
DA:839,1
BRDA:839,41,1,1
DA:841,1
DA:846,12049
BRDA:846,42,0,1916
DA:847,1916
DA:848,1916
BRDA:848,43,0,1916
DA:849,662
DA:858,662
BRDA:858,44,0,301
DA:859,301
DA:861,301
DA:870,662
DA:872,662
DA:873,662
DA:874,662
DA:876,662
DA:884,662
BRDA:884,45,0,285
DA:885,285
DA:886,285
DA:888,1254
BRDA:888,43,1,1254
DA:890,1254
DA:898,15883
FN:898,HDCLVault.pokeQueue
FNDA:15883,HDCLVault.pokeQueue
DA:899,15882
DA:904,15882
DA:914,15882
DA:915,15753
DA:916,180
DA:917,179
BRDA:917,46,0,179
DA:918,179
DA:925,13383
FN:925,HDCLVault._validateDeposit
FNDA:13383,HDCLVault._validateDeposit
DA:926,3
BRDA:926,47,0,3
DA:927,13380
BRDA:927,48,0,1
DA:928,13379
BRDA:928,49,0,3
DA:934,13378
FN:934,HDCLVault._validateAndPreviewShares
FNDA:13378,HDCLVault._validateAndPreviewShares
DA:939,13378
DA:941,13373
DA:942,13373
BRDA:942,50,0,759
BRDA:942,50,1,12613
DA:943,759
BRDA:943,51,0,1
BRDA:943,51,1,758
DA:944,758
DA:946,12614
DA:951,12614
BRDA:951,52,0,-
BRDA:951,52,1,12614
DA:952,12614
DA:953,12614
BRDA:953,53,0,1
BRDA:953,53,1,12613
DA:964,179
FN:964,HDCLVault._reinvest
FNDA:179,HDCLVault._reinvest
DA:965,179
DA:967,179
BRDA:967,54,0,-
DA:971,179
BRDA:971,55,0,2
DA:972,2
DA:974,179
BRDA:974,56,0,-
DA:976,179
DA:977,179
DA:978,179
DA:979,179
DA:980,179
DA:982,179
DA:983,179
DA:995,179
DA:997,179
DA:998,179
DA:1000,179
DA:1008,1
FN:1008,HDCLVault.asset
FNDA:1,HDCLVault.asset
DA:1009,1
DA:1014,4
FN:1014,HDCLVault.convertToShares
FNDA:4,HDCLVault.convertToShares
DA:1015,5
DA:1016,5
BRDA:1016,57,0,2
DA:1017,3
DA:1018,3
BRDA:1018,58,0,-
DA:1019,3
DA:1023,2
FN:1023,HDCLVault.convertToAssets
FNDA:2,HDCLVault.convertToAssets
DA:1024,2
DA:1025,2
BRDA:1025,59,0,1
DA:1026,1
DA:1033,6
FN:1033,HDCLVault.maxDeposit
FNDA:6,HDCLVault.maxDeposit
DA:1034,7
BRDA:1034,60,0,2
DA:1035,5
DA:1036,5
BRDA:1036,61,0,1
DA:1037,4
DA:1041,1
FN:1041,HDCLVault.maxMint
FNDA:1,HDCLVault.maxMint
DA:1042,1
DA:1047,3
FN:1047,HDCLVault.maxWithdraw
FNDA:3,HDCLVault.maxWithdraw
DA:1048,0
DA:1052,3
FN:1052,HDCLVault.maxRedeem
FNDA:3,HDCLVault.maxRedeem
DA:1053,0
DA:1058,4
FN:1058,HDCLVault.previewMint
FNDA:4,HDCLVault.previewMint
DA:1059,9
DA:1060,9
BRDA:1060,62,0,8
DA:1063,8
DA:1065,1
DA:1067,1
DA:1079,11
FN:1079,HDCLVault.previewDeposit
FNDA:11,HDCLVault.previewDeposit
DA:1082,11
BRDA:1082,63,0,2
DA:1083,9
DA:1084,9
BRDA:1084,64,0,7
DA:1086,7
BRDA:1086,65,0,4
DA:1087,3
DA:1089,2
DA:1093,2
BRDA:1093,66,0,-
DA:1094,2
DA:1098,1
FN:1098,HDCLVault.previewRedeem
FNDA:1,HDCLVault.previewRedeem
DA:1101,1
DA:1102,1
BRDA:1102,67,0,-
DA:1103,1
DA:1107,2
FN:1107,HDCLVault.previewWithdraw
FNDA:2,HDCLVault.previewWithdraw
DA:1108,0
DA:1117,6
FN:1117,HDCLVault.pendingRedeemRequest
FNDA:6,HDCLVault.pendingRedeemRequest
DA:1122,6
DA:1123,6
BRDA:1123,68,0,2
DA:1124,4
DA:1129,7
FN:1129,HDCLVault.claimableRedeemRequest
FNDA:7,HDCLVault.claimableRedeemRequest
DA:1134,7
DA:1135,7
BRDA:1135,69,0,2
DA:1136,5
DA:1141,7
FN:1141,HDCLVault.getEstimatedWaitTime
FNDA:7,HDCLVault.getEstimatedWaitTime
DA:1144,7
DA:1145,7
BRDA:1145,70,0,-
DA:1147,7
DA:1150,7
DA:1151,7
DA:1152,5
DA:1153,5
BRDA:1153,71,0,-
DA:1154,5
DA:1155,5
DA:1159,7
BRDA:1159,72,0,2
DA:1160,5
DA:1163,5
DA:1164,5
DA:1165,5
DA:1166,5
BRDA:1166,73,0,-
DA:1169,5
DA:1173,5
DA:1175,5
BRDA:1175,74,0,5
DA:1176,5
DA:1177,5
DA:1178,5
BRDA:1178,75,0,4
DA:1179,4
DA:1181,1
DA:1186,0
DA:1190,16727
FN:1190,HDCLVault.getRedemptionRequest
FNDA:16727,HDCLVault.getRedemptionRequest
DA:1203,16727
DA:1204,16727
DA:1208,68238
FN:1208,HDCLVault.getPosition
FNDA:68238,HDCLVault.getPosition
DA:1222,68238
DA:1223,68238
DA:1234,65199
FN:1234,HDCLVault.getPositionCount
FNDA:65199,HDCLVault.getPositionCount
DA:1235,65199
DA:1239,4
FN:1239,HDCLVault.getPositionHead
FNDA:4,HDCLVault.getPositionHead
DA:1240,4
DA:1244,2
FN:1244,HDCLVault.getTotalQueuedHdcl
FNDA:2,HDCLVault.getTotalQueuedHdcl
DA:1245,2
DA:1249,1
FN:1249,HDCLVault.getIdleHollar
FNDA:1,HDCLVault.getIdleHollar
DA:1250,1
DA:1254,1
FN:1254,HDCLVault.getAPYWad
FNDA:1,HDCLVault.getAPYWad
DA:1255,1
DA:1259,15862
FN:1259,HDCLVault.getRedemptionQueueLength
FNDA:15862,HDCLVault.getRedemptionQueueLength
DA:1260,15862
DA:1264,2
FN:1264,HDCLVault.getRedemptionQueuePending
FNDA:2,HDCLVault.getRedemptionQueuePending
DA:1265,2
DA:1269,1
FN:1269,HDCLVault.getQueueHead
FNDA:1,HDCLVault.getQueueHead
DA:1270,1
DA:1283,8
FN:1283,HDCLVault.getOraclePrice
FNDA:8,HDCLVault.getOraclePrice
DA:1284,8
BRDA:1284,76,0,1
BRDA:1284,76,1,7
DA:1285,7
DA:1286,7
DA:1287,7
BRDA:1287,77,0,-
BRDA:1287,77,1,7
DA:1288,7
BRDA:1288,78,0,-
BRDA:1288,78,1,7
DA:1289,7
BRDA:1289,79,0,-
BRDA:1289,79,1,7
DA:1290,7
BRDA:1290,80,0,-
BRDA:1290,80,1,7
DA:1292,7
DA:1293,7
DA:1303,12
FN:1303,HDCLVault.onlyAdminOrGuardian
FNDA:12,HDCLVault.onlyAdminOrGuardian
DA:1304,12
BRDA:1304,81,0,1
BRDA:1304,81,1,20
DA:1312,12
FN:1312,HDCLVault.pauseDeposits
FNDA:12,HDCLVault.pauseDeposits
DA:1313,11
DA:1314,11
DA:1318,4
FN:1318,HDCLVault.unpauseDeposits
FNDA:4,HDCLVault.unpauseDeposits
DA:1319,3
DA:1320,3
DA:1325,21
FN:1325,HDCLVault.pause
FNDA:21,HDCLVault.pause
DA:1326,20
DA:1330,7
FN:1330,HDCLVault.unpause
FNDA:7,HDCLVault.unpause
DA:1331,6
DA:1341,14
FN:1341,HDCLVault.setTvlCap
FNDA:14,HDCLVault.setTvlCap
DA:1342,12
BRDA:1342,82,0,1
BRDA:1342,82,1,11
DA:1343,11
DA:1344,11
DA:1348,8
FN:1348,HDCLVault.setMinReinvestAmount
FNDA:8,HDCLVault.setMinReinvestAmount
DA:1351,6
DA:1352,6
DA:1361,6
FN:1361,HDCLVault.setMinRedeemAmount
FNDA:6,HDCLVault.setMinRedeemAmount
DA:1362,4
BRDA:1362,83,0,1
BRDA:1362,83,1,3
DA:1363,3
DA:1364,3
DA:1377,19
FN:1377,HDCLVault.setOracle
FNDA:19,HDCLVault.setOracle
DA:1378,18
BRDA:1378,84,0,1
BRDA:1378,84,1,17
DA:1380,17
DA:1381,17
DA:1382,16
BRDA:1382,85,0,-
BRDA:1382,85,1,16
DA:1383,16
BRDA:1383,86,0,-
BRDA:1383,86,1,16
DA:1384,16
DA:1385,16
BRDA:1385,87,0,-
BRDA:1385,87,1,16
DA:1387,16
DA:1388,16
DA:1399,24
FN:1399,HDCLVault.registerPool
FNDA:24,HDCLVault.registerPool
DA:1400,24
DA:1406,20
FN:1406,HDCLVault.setActiveDepositPool
FNDA:20,HDCLVault.setActiveDepositPool
DA:1407,20
BRDA:1407,88,0,1
BRDA:1407,88,1,19
DA:1408,19
DA:1409,19
DA:1417,4
FN:1417,HDCLVault.retirePool
FNDA:4,HDCLVault.retirePool
DA:1418,4
BRDA:1418,89,0,-
BRDA:1418,89,1,4
DA:1419,4
BRDA:1419,90,0,2
BRDA:1419,90,1,2
DA:1422,2
DA:1423,2
DA:1425,1
DA:1426,1
DA:1427,1
BRDA:1427,91,0,1
DA:1428,1
DA:1432,1
DA:1433,1
DA:1436,1
DA:1437,1
DA:1438,2
BRDA:1438,92,0,1
DA:1439,1
DA:1440,1
DA:1441,1
DA:1445,1
DA:1449,3
FN:1449,HDCLVault.getPoolCount
FNDA:3,HDCLVault.getPoolCount
DA:1450,3
DA:1458,362
FN:1458,HDCLVault._registerPool
FNDA:362,HDCLVault._registerPool
DA:1459,362
BRDA:1459,93,0,-
BRDA:1459,93,1,362
DA:1460,362
BRDA:1460,94,0,1
BRDA:1460,94,1,361
DA:1461,361
BRDA:1461,95,0,1
BRDA:1461,95,1,360
DA:1462,360
DA:1463,360
BRDA:1463,96,0,-
BRDA:1463,96,1,360
DA:1464,360
BRDA:1464,97,0,338
DA:1465,338
BRDA:1465,98,0,-
BRDA:1465,98,1,338
DA:1468,360
DA:1469,360
DA:1470,360
DA:1472,360
DA:1485,13557
FN:1485,HDCLVault.onERC721Received
FNDA:13557,HDCLVault.onERC721Received
DA:1491,13557
BRDA:1491,99,0,2
BRDA:1491,99,1,13555
DA:1492,13555
DA:1517,16167
FN:1517,HDCLVault._processQueueWithHollar
FNDA:16167,HDCLVault._processQueueWithHollar
DA:1521,16167
DA:1522,16167
DA:1523,16167
DA:1526,18189
DA:1527,6628
DA:1528,6628
DA:1530,6627
DA:1532,6627
BRDA:1532,100,0,1600
DA:1535,1600
BRDA:1535,101,0,1600
DA:1536,1600
DA:1538,1600
DA:1539,1600
DA:1542,5027
BRDA:1542,102,0,1
DA:1546,1
BRDA:1546,103,0,1
DA:1547,1
DA:1549,1
DA:1550,1
DA:1554,5026
BRDA:1554,104,0,4574
DA:1556,452
DA:1558,452
DA:1559,452
DA:1565,452
BRDA:1565,105,0,-
DA:1567,452
BRDA:1567,106,0,318
BRDA:1567,106,1,103
DA:1570,318
DA:1571,318
DA:1572,318
DA:1573,318
DA:1575,318
DA:1576,318
DA:1577,318
DA:1579,318
DA:1585,318
BRDA:1585,107,0,318
DA:1586,318
DA:1588,318
DA:1591,134
DA:1592,134
BRDA:1592,108,0,31
DA:1598,103
DA:1600,103
DA:1601,103
DA:1602,103
DA:1603,103
DA:1605,103
DA:1606,103
DA:1607,103
DA:1609,103
DA:1622,662
FN:1622,HDCLVault._advancePositionHead
FNDA:662,HDCLVault._advancePositionHead
DA:1624,1324
DA:1625,716
DA:1627,662
DA:1633,13552
FN:1633,HDCLVault._addToBucket
FNDA:13552,HDCLVault._addToBucket
DA:1638,13552
DA:1639,13552
DA:1640,13552
DA:1646,4118
FN:1646,HDCLVault._removeYieldFromBucket
FNDA:4118,HDCLVault._removeYieldFromBucket
DA:1651,4118
DA:1652,4118
DA:1657,662
FN:1657,HDCLVault._removePrincipalFromBucket
FNDA:662,HDCLVault._removePrincipalFromBucket
DA:1658,662
DA:1662,13552
FN:1662,HDCLVault._investmentPeriod
FNDA:13552,HDCLVault._investmentPeriod
DA:1663,13552
DA:1667,5
FN:1667,HDCLVault._decentralWithdrawalDelay
FNDA:5,HDCLVault._decentralWithdrawalDelay
DA:1668,5
DA:1672,2
FN:1672,HDCLVault._authorizeUpgrade
FNDA:2,HDCLVault._authorizeUpgrade
DA:1681,6
FN:1681,HDCLVault.supportsInterface
FNDA:6,HDCLVault.supportsInterface
DA:1688,6
DA:1689,6
DA:1690,5
DA:1691,4
DA:1692,3
FNF:71
FNH:71
LF:501
LH:497
BRF:157
BRH:128
end_of_record
TN:
SF:src/WDCLOracle.sol
DA:28,38
FN:28,WDCLOracle.constructor
FNDA:38,WDCLOracle.constructor
DA:29,38
BRDA:29,0,0,1
BRDA:29,0,1,37
DA:30,37
DA:33,24
FN:33,WDCLOracle.decimals
FNDA:24,WDCLOracle.decimals
DA:34,24
DA:37,1
FN:37,WDCLOracle.description
FNDA:1,WDCLOracle.description
DA:38,1
DA:41,1
FN:41,WDCLOracle.version
FNDA:1,WDCLOracle.version
DA:42,1
DA:45,310
FN:45,WDCLOracle.latestRoundData
FNDA:310,WDCLOracle.latestRoundData
DA:56,310
DA:57,201
DA:72,9
FN:72,WDCLOracle.getRoundData
FNDA:9,WDCLOracle.getRoundData
DA:85,9
DA:86,8
DA:101,319
FN:101,WDCLOracle._scaledAnswer
FNDA:319,WDCLOracle._scaledAnswer
DA:102,319
DA:103,319
BRDA:103,1,0,110
BRDA:103,1,1,209
DA:104,209
FNF:7
FNH:7
LF:19
LH:19
BRF:4
BRH:4
end_of_record
